<?xml version="1.0" encoding="UTF-8"?>
<!-- Generated by org.testng.reporters.JUnitXMLReporter -->
<testsuite ignored="0" hostname="Bunny" failures="0" tests="2" name="Default test" time="20.617" errors="0" timestamp="2026-02-06T12:04:24 EST">
  <testcase classname="com.jp_Test.CreateAccountTest" name="verifyCreateAccountUsingExcel" time="10.33"/>
  <testcase classname="com.jp_Test.CreateAccountTest" name="verifyErrorMessagesForEmptyFields" time="1.161"/>
</testsuite> <!-- Default test -->
