<?xml version="1.0" encoding="UTF-8"?>
<testng-results ignored="0" total="2" passed="2" failed="0" skipped="0">
  <reporter-output>
  </reporter-output>
  <suite started-at="2026-02-06T12:04:04 EST" name="Default suite" finished-at="2026-02-06T12:04:24 EST" duration-ms="20617">
    <groups>
    </groups>
    <test started-at="2026-02-06T12:04:04 EST" name="Default test" finished-at="2026-02-06T12:04:24 EST" duration-ms="20617">
      <class name="com.jp_Test.CreateAccountTest">
        <test-method is-config="true" signature="setup()[pri:0, instance:com.jp_Test.CreateAccountTest@74e28667]" started-at="2026-02-06T12:04:04 EST" name="setup" finished-at="2026-02-06T12:04:11 EST" duration-ms="6870" status="PASS">
          <reporter-output>
          </reporter-output>
        </test-method> <!-- setup -->
        <test-method signature="verifyCreateAccountUsingExcel()[pri:0, instance:com.jp_Test.CreateAccountTest@74e28667]" started-at="2026-02-06T12:04:11 EST" name="verifyCreateAccountUsingExcel" finished-at="2026-02-06T12:04:21 EST" duration-ms="10330" status="PASS">
          <reporter-output>
          </reporter-output>
        </test-method> <!-- verifyCreateAccountUsingExcel -->
        <test-method is-config="true" signature="tearDown()[pri:0, instance:com.jp_Test.CreateAccountTest@74e28667]" started-at="2026-02-06T12:04:21 EST" name="tearDown" finished-at="2026-02-06T12:04:21 EST" duration-ms="335" status="PASS">
          <reporter-output>
          </reporter-output>
        </test-method> <!-- tearDown -->
        <test-method is-config="true" signature="setup()[pri:0, instance:com.jp_Test.CreateAccountTest@74e28667]" started-at="2026-02-06T12:04:21 EST" name="setup" finished-at="2026-02-06T12:04:23 EST" duration-ms="1572" status="PASS">
          <reporter-output>
          </reporter-output>
        </test-method> <!-- setup -->
        <test-method signature="verifyErrorMessagesForEmptyFields()[pri:0, instance:com.jp_Test.CreateAccountTest@74e28667]" started-at="2026-02-06T12:04:23 EST" name="verifyErrorMessagesForEmptyFields" finished-at="2026-02-06T12:04:24 EST" duration-ms="1161" status="PASS">
          <reporter-output>
          </reporter-output>
        </test-method> <!-- verifyErrorMessagesForEmptyFields -->
        <test-method is-config="true" signature="tearDown()[pri:0, instance:com.jp_Test.CreateAccountTest@74e28667]" started-at="2026-02-06T12:04:24 EST" name="tearDown" finished-at="2026-02-06T12:04:24 EST" duration-ms="271" status="PASS">
          <reporter-output>
          </reporter-output>
        </test-method> <!-- tearDown -->
      </class> <!-- com.jp_Test.CreateAccountTest -->
    </test> <!-- Default test -->
  </suite> <!-- Default suite -->
</testng-results>
