<?xml version="1.0" encoding="UTF-8"?>
<!-- Generated by org.testng.reporters.JUnitReportReporter -->
<testsuite hostname="Bunny" failures="0" tests="2" name="com.jp_Test.CreateAccountTest" time="20.539" errors="0" timestamp="2026-02-06T12:04:24 EST" skipped="0">
  <testcase classname="com.jp_Test.CreateAccountTest" name="verifyErrorMessagesForEmptyFields" time="8.366"/>
  <testcase classname="com.jp_Test.CreateAccountTest" name="verifyCreateAccountUsingExcel" time="12.173"/>
</testsuite> <!-- com.jp_Test.CreateAccountTest -->
